<?xml version="1.0" encoding="UTF-8"?>
<testng-results ignored="0" total="1" passed="1" failed="0" skipped="0">
  <reporter-output>
  </reporter-output>
  <suite started-at="2022-01-06T18:41:09Z" name="Default suite" finished-at="2022-01-06T18:42:02Z" duration-ms="52311">
    <groups>
    </groups>
    <test started-at="2022-01-06T18:41:09Z" name="Default test" finished-at="2022-01-06T18:42:02Z" duration-ms="52311">
      <class name="com.ebay.test.LogicPageTest">
        <test-method is-config="true" signature="setup()[pri:0, instance:com.ebay.test.LogicPageTest@433defed]" started-at="2022-01-06T18:41:09Z" name="setup" finished-at="2022-01-06T18:41:20Z" duration-ms="10923" status="PASS">
          <reporter-output>
          </reporter-output>
        </test-method> <!-- setup -->
        <test-method signature="testSignIn()[pri:0, instance:com.ebay.test.LogicPageTest@433defed]" started-at="2022-01-06T18:41:20Z" name="testSignIn" finished-at="2022-01-06T18:42:01Z" duration-ms="40882" status="PASS">
          <reporter-output>
          </reporter-output>
        </test-method> <!-- testSignIn -->
        <test-method is-config="true" signature="closeBrowser()[pri:0, instance:com.ebay.test.LogicPageTest@433defed]" started-at="2022-01-06T18:42:01Z" name="closeBrowser" finished-at="2022-01-06T18:42:02Z" duration-ms="445" status="PASS">
          <reporter-output>
          </reporter-output>
        </test-method> <!-- closeBrowser -->
      </class> <!-- com.ebay.test.LogicPageTest -->
    </test> <!-- Default test -->
  </suite> <!-- Default suite -->
</testng-results>
